2026-04-17 07:08:15,336 INFO o.a.j.u.JMeterUtils: Setting Locale to en_EN
2026-04-17 07:08:15,364 INFO o.a.j.JMeter: Loading user properties from: C:\Tools\apache-jmeter-5.6.3\bin\user.properties
2026-04-17 07:08:15,365 INFO o.a.j.JMeter: Loading system properties from: C:\Tools\apache-jmeter-5.6.3\bin\system.properties
2026-04-17 07:08:15,371 INFO o.a.j.JMeter: Copyright (c) 1998-2024 The Apache Software Foundation
2026-04-17 07:08:15,371 INFO o.a.j.JMeter: Version 5.6.3
2026-04-17 07:08:15,371 INFO o.a.j.JMeter: java.version=21.0.5
2026-04-17 07:08:15,371 INFO o.a.j.JMeter: java.vm.name=Java HotSpot(TM) 64-Bit Server VM
2026-04-17 07:08:15,371 INFO o.a.j.JMeter: os.name=Windows 11
2026-04-17 07:08:15,371 INFO o.a.j.JMeter: os.arch=amd64
2026-04-17 07:08:15,371 INFO o.a.j.JMeter: os.version=10.0
2026-04-17 07:08:15,371 INFO o.a.j.JMeter: file.encoding=UTF-8
2026-04-17 07:08:15,371 INFO o.a.j.JMeter: java.awt.headless=null
2026-04-17 07:08:15,371 INFO o.a.j.JMeter: Max memory     =1073741824
2026-04-17 07:08:15,371 INFO o.a.j.JMeter: Available Processors =16
2026-04-17 07:08:15,380 INFO o.a.j.JMeter: Default Locale=English (EN)
2026-04-17 07:08:15,380 INFO o.a.j.JMeter: JMeter  Locale=English (EN)
2026-04-17 07:08:15,380 INFO o.a.j.JMeter: JMeterHome=C:\Tools\apache-jmeter-5.6.3
2026-04-17 07:08:15,381 INFO o.a.j.JMeter: user.dir  =C:\Users\amirdi\OneDrive - Metropolia Ammattikorkeakoulu Oy\Documents\Spring2025\Sep1\SEP2\Week6_Testing\AverageSpeed
2026-04-17 07:08:15,381 INFO o.a.j.JMeter: PWD       =C:\Users\amirdi\OneDrive - Metropolia Ammattikorkeakoulu Oy\Documents\Spring2025\Sep1\SEP2\Week6_Testing\AverageSpeed
2026-04-17 07:08:20,343 INFO o.a.j.JMeter: IP: 192.168.56.1 Name: KM-AMIRDI-840 FullName: KM-AMIRDI-840.staff.wks.metropolia.fi
2026-04-17 07:08:20,352 INFO o.a.j.JMeter: Loaded icon properties from org/apache/jmeter/images/icon.properties
2026-04-17 07:08:20,512 INFO o.a.j.JMeterGuiLauncher: Setting LAF to: com.github.weisj.darklaf.DarkLaf:com.github.weisj.darklaf.theme.DarculaTheme
2026-04-17 07:08:21,738 INFO o.a.j.JMeterGuiLauncher: Loading file: jmeter\avg_speed_test.jmx
2026-04-17 07:08:21,740 INFO o.a.j.s.FileServer: Default base='C:\Users\amirdi\OneDrive - Metropolia Ammattikorkeakoulu Oy\Documents\Spring2025\Sep1\SEP2\Week6_Testing\AverageSpeed'
2026-04-17 07:08:21,740 INFO o.a.j.s.FileServer: Set new base='C:\Users\amirdi\OneDrive - Metropolia Ammattikorkeakoulu Oy\Documents\Spring2025\Sep1\SEP2\Week6_Testing\AverageSpeed\jmeter'
2026-04-17 07:08:22,084 INFO o.a.j.s.SaveService: Testplan (JMX) version: 2.2. Testlog (JTL) version: 2.2
2026-04-17 07:08:22,106 INFO o.a.j.s.SaveService: Using SaveService properties version 5.0
2026-04-17 07:08:22,110 INFO o.a.j.s.SaveService: Using SaveService properties file encoding UTF-8
2026-04-17 07:08:22,113 INFO o.a.j.s.SaveService: Loading file: jmeter\avg_speed_test.jmx
2026-04-17 07:08:22,139 INFO o.a.j.s.FileServer: Set new base='C:\Users\amirdi\OneDrive - Metropolia Ammattikorkeakoulu Oy\Documents\Spring2025\Sep1\SEP2\Week6_Testing\AverageSpeed\jmeter'
2026-04-17 07:08:29,513 INFO o.a.j.e.StandardJMeterEngine: Running the test!
2026-04-17 07:08:29,513 INFO o.a.j.s.SampleEvent: List of sample_variables: []
2026-04-17 07:08:29,513 INFO o.a.j.s.SampleEvent: List of sample_variables: []
2026-04-17 07:08:29,514 INFO o.a.j.e.u.CompoundVariable: Note: Function class names must contain the string: '.functions.'
2026-04-17 07:08:29,514 INFO o.a.j.e.u.CompoundVariable: Note: Function class names must not contain the string: '.gui.'
2026-04-17 07:08:29,567 INFO o.a.j.g.u.JMeterMenuBar: setRunning(true, *local*)
2026-04-17 07:08:29,591 INFO o.a.j.e.StandardJMeterEngine: Starting ThreadGroup: 1 : Load Users
2026-04-17 07:08:29,591 INFO o.a.j.e.StandardJMeterEngine: Starting 20 threads for group Load Users.
2026-04-17 07:08:29,592 INFO o.a.j.e.StandardJMeterEngine: Thread will continue on error
2026-04-17 07:08:29,592 INFO o.a.j.t.ThreadGroup: Starting thread group... number=1 threads=20 ramp-up=10 delayedStart=false
2026-04-17 07:08:29,595 INFO o.a.j.t.JMeterThread: Thread started: Load Users 1-1
2026-04-17 07:08:29,598 INFO o.a.j.t.JMeterThread: Thread is done: Load Users 1-1
2026-04-17 07:08:29,598 INFO o.a.j.t.JMeterThread: Thread finished: Load Users 1-1
2026-04-17 07:08:29,599 INFO o.a.j.t.ThreadGroup: Started thread group number 1
2026-04-17 07:08:29,599 INFO o.a.j.e.StandardJMeterEngine: All thread groups have been started
2026-04-17 07:08:30,093 INFO o.a.j.t.JMeterThread: Thread started: Load Users 1-2
2026-04-17 07:08:30,093 INFO o.a.j.t.JMeterThread: Thread is done: Load Users 1-2
2026-04-17 07:08:30,093 INFO o.a.j.t.JMeterThread: Thread finished: Load Users 1-2
2026-04-17 07:08:30,594 INFO o.a.j.t.JMeterThread: Thread started: Load Users 1-3
2026-04-17 07:08:30,594 INFO o.a.j.t.JMeterThread: Thread is done: Load Users 1-3
2026-04-17 07:08:30,594 INFO o.a.j.t.JMeterThread: Thread finished: Load Users 1-3
2026-04-17 07:08:31,093 INFO o.a.j.t.JMeterThread: Thread started: Load Users 1-4
2026-04-17 07:08:31,093 INFO o.a.j.t.JMeterThread: Thread is done: Load Users 1-4
2026-04-17 07:08:31,093 INFO o.a.j.t.JMeterThread: Thread finished: Load Users 1-4
2026-04-17 07:08:31,593 INFO o.a.j.t.JMeterThread: Thread started: Load Users 1-5
2026-04-17 07:08:31,593 INFO o.a.j.t.JMeterThread: Thread is done: Load Users 1-5
2026-04-17 07:08:31,593 INFO o.a.j.t.JMeterThread: Thread finished: Load Users 1-5
2026-04-17 07:08:32,092 INFO o.a.j.t.JMeterThread: Thread started: Load Users 1-6
2026-04-17 07:08:32,092 INFO o.a.j.t.JMeterThread: Thread is done: Load Users 1-6
2026-04-17 07:08:32,092 INFO o.a.j.t.JMeterThread: Thread finished: Load Users 1-6
2026-04-17 07:08:32,593 INFO o.a.j.t.JMeterThread: Thread started: Load Users 1-7
2026-04-17 07:08:32,593 INFO o.a.j.t.JMeterThread: Thread is done: Load Users 1-7
2026-04-17 07:08:32,593 INFO o.a.j.t.JMeterThread: Thread finished: Load Users 1-7
2026-04-17 07:08:33,093 INFO o.a.j.t.JMeterThread: Thread started: Load Users 1-8
2026-04-17 07:08:33,094 INFO o.a.j.t.JMeterThread: Thread is done: Load Users 1-8
2026-04-17 07:08:33,094 INFO o.a.j.t.JMeterThread: Thread finished: Load Users 1-8
2026-04-17 07:08:33,593 INFO o.a.j.t.JMeterThread: Thread started: Load Users 1-9
2026-04-17 07:08:33,593 INFO o.a.j.t.JMeterThread: Thread is done: Load Users 1-9
2026-04-17 07:08:33,593 INFO o.a.j.t.JMeterThread: Thread finished: Load Users 1-9
2026-04-17 07:08:34,093 INFO o.a.j.t.JMeterThread: Thread started: Load Users 1-10
2026-04-17 07:08:34,093 INFO o.a.j.t.JMeterThread: Thread is done: Load Users 1-10
2026-04-17 07:08:34,093 INFO o.a.j.t.JMeterThread: Thread finished: Load Users 1-10
2026-04-17 07:08:34,594 INFO o.a.j.t.JMeterThread: Thread started: Load Users 1-11
2026-04-17 07:08:34,594 INFO o.a.j.t.JMeterThread: Thread is done: Load Users 1-11
2026-04-17 07:08:34,594 INFO o.a.j.t.JMeterThread: Thread finished: Load Users 1-11
2026-04-17 07:08:35,094 INFO o.a.j.t.JMeterThread: Thread started: Load Users 1-12
2026-04-17 07:08:35,094 INFO o.a.j.t.JMeterThread: Thread is done: Load Users 1-12
2026-04-17 07:08:35,094 INFO o.a.j.t.JMeterThread: Thread finished: Load Users 1-12
2026-04-17 07:08:35,593 INFO o.a.j.t.JMeterThread: Thread started: Load Users 1-13
2026-04-17 07:08:35,593 INFO o.a.j.t.JMeterThread: Thread is done: Load Users 1-13
2026-04-17 07:08:35,593 INFO o.a.j.t.JMeterThread: Thread finished: Load Users 1-13
2026-04-17 07:08:36,093 INFO o.a.j.t.JMeterThread: Thread started: Load Users 1-14
2026-04-17 07:08:36,093 INFO o.a.j.t.JMeterThread: Thread is done: Load Users 1-14
2026-04-17 07:08:36,093 INFO o.a.j.t.JMeterThread: Thread finished: Load Users 1-14
2026-04-17 07:08:36,592 INFO o.a.j.t.JMeterThread: Thread started: Load Users 1-15
2026-04-17 07:08:36,593 INFO o.a.j.t.JMeterThread: Thread is done: Load Users 1-15
2026-04-17 07:08:36,593 INFO o.a.j.t.JMeterThread: Thread finished: Load Users 1-15
2026-04-17 07:08:37,094 INFO o.a.j.t.JMeterThread: Thread started: Load Users 1-16
2026-04-17 07:08:37,094 INFO o.a.j.t.JMeterThread: Thread is done: Load Users 1-16
2026-04-17 07:08:37,094 INFO o.a.j.t.JMeterThread: Thread finished: Load Users 1-16
2026-04-17 07:08:37,593 INFO o.a.j.t.JMeterThread: Thread started: Load Users 1-17
2026-04-17 07:08:37,593 INFO o.a.j.t.JMeterThread: Thread is done: Load Users 1-17
2026-04-17 07:08:37,593 INFO o.a.j.t.JMeterThread: Thread finished: Load Users 1-17
2026-04-17 07:08:38,094 INFO o.a.j.t.JMeterThread: Thread started: Load Users 1-18
2026-04-17 07:08:38,094 INFO o.a.j.t.JMeterThread: Thread is done: Load Users 1-18
2026-04-17 07:08:38,094 INFO o.a.j.t.JMeterThread: Thread finished: Load Users 1-18
2026-04-17 07:08:38,593 INFO o.a.j.t.JMeterThread: Thread started: Load Users 1-19
2026-04-17 07:08:38,593 INFO o.a.j.t.JMeterThread: Thread is done: Load Users 1-19
2026-04-17 07:08:38,593 INFO o.a.j.t.JMeterThread: Thread finished: Load Users 1-19
2026-04-17 07:08:39,094 INFO o.a.j.t.JMeterThread: Thread started: Load Users 1-20
2026-04-17 07:08:39,094 INFO o.a.j.t.JMeterThread: Thread is done: Load Users 1-20
2026-04-17 07:08:39,094 INFO o.a.j.t.JMeterThread: Thread finished: Load Users 1-20
2026-04-17 07:08:39,094 INFO o.a.j.e.StandardJMeterEngine: Notifying test listeners of end of test
2026-04-17 07:08:39,094 INFO o.a.j.g.u.JMeterMenuBar: setRunning(false, *local*)
2026-04-17 07:09:03,098 INFO o.a.j.e.StandardJMeterEngine: Running the test!
2026-04-17 07:09:03,098 INFO o.a.j.s.SampleEvent: List of sample_variables: []
2026-04-17 07:09:03,099 INFO o.a.j.g.u.JMeterMenuBar: setRunning(true, *local*)
2026-04-17 07:09:03,120 INFO o.a.j.e.StandardJMeterEngine: Starting ThreadGroup: 1 : Load Users
2026-04-17 07:09:03,120 INFO o.a.j.e.StandardJMeterEngine: Starting 20 threads for group Load Users.
2026-04-17 07:09:03,120 INFO o.a.j.e.StandardJMeterEngine: Thread will continue on error
2026-04-17 07:09:03,121 INFO o.a.j.t.ThreadGroup: Starting thread group... number=1 threads=20 ramp-up=10 delayedStart=false
2026-04-17 07:09:03,122 INFO o.a.j.t.JMeterThread: Thread started: Load Users 1-1
2026-04-17 07:09:03,122 INFO o.a.j.t.JMeterThread: Thread is done: Load Users 1-1
2026-04-17 07:09:03,123 INFO o.a.j.t.JMeterThread: Thread finished: Load Users 1-1
2026-04-17 07:09:03,126 INFO o.a.j.t.ThreadGroup: Started thread group number 1
2026-04-17 07:09:03,126 INFO o.a.j.e.StandardJMeterEngine: All thread groups have been started
2026-04-17 07:09:03,623 INFO o.a.j.t.JMeterThread: Thread started: Load Users 1-2
2026-04-17 07:09:03,623 INFO o.a.j.t.JMeterThread: Thread is done: Load Users 1-2
2026-04-17 07:09:03,623 INFO o.a.j.t.JMeterThread: Thread finished: Load Users 1-2
2026-04-17 07:09:04,125 INFO o.a.j.t.JMeterThread: Thread started: Load Users 1-3
2026-04-17 07:09:04,125 INFO o.a.j.t.JMeterThread: Thread is done: Load Users 1-3
2026-04-17 07:09:04,126 INFO o.a.j.t.JMeterThread: Thread finished: Load Users 1-3
2026-04-17 07:09:04,621 INFO o.a.j.t.JMeterThread: Thread started: Load Users 1-4
2026-04-17 07:09:04,621 INFO o.a.j.t.JMeterThread: Thread is done: Load Users 1-4
2026-04-17 07:09:04,621 INFO o.a.j.t.JMeterThread: Thread finished: Load Users 1-4
2026-04-17 07:09:05,121 INFO o.a.j.t.JMeterThread: Thread started: Load Users 1-5
2026-04-17 07:09:05,121 INFO o.a.j.t.JMeterThread: Thread is done: Load Users 1-5
2026-04-17 07:09:05,121 INFO o.a.j.t.JMeterThread: Thread finished: Load Users 1-5
2026-04-17 07:09:05,621 INFO o.a.j.t.JMeterThread: Thread started: Load Users 1-6
2026-04-17 07:09:05,622 INFO o.a.j.t.JMeterThread: Thread is done: Load Users 1-6
2026-04-17 07:09:05,622 INFO o.a.j.t.JMeterThread: Thread finished: Load Users 1-6
2026-04-17 07:09:06,122 INFO o.a.j.t.JMeterThread: Thread started: Load Users 1-7
2026-04-17 07:09:06,122 INFO o.a.j.t.JMeterThread: Thread is done: Load Users 1-7
2026-04-17 07:09:06,122 INFO o.a.j.t.JMeterThread: Thread finished: Load Users 1-7
2026-04-17 07:09:06,623 INFO o.a.j.t.JMeterThread: Thread started: Load Users 1-8
2026-04-17 07:09:06,623 INFO o.a.j.t.JMeterThread: Thread is done: Load Users 1-8
2026-04-17 07:09:06,623 INFO o.a.j.t.JMeterThread: Thread finished: Load Users 1-8
2026-04-17 07:09:07,123 INFO o.a.j.t.JMeterThread: Thread started: Load Users 1-9
2026-04-17 07:09:07,123 INFO o.a.j.t.JMeterThread: Thread is done: Load Users 1-9
2026-04-17 07:09:07,124 INFO o.a.j.t.JMeterThread: Thread finished: Load Users 1-9
2026-04-17 07:09:07,622 INFO o.a.j.t.JMeterThread: Thread started: Load Users 1-10
2026-04-17 07:09:07,622 INFO o.a.j.t.JMeterThread: Thread is done: Load Users 1-10
2026-04-17 07:09:07,622 INFO o.a.j.t.JMeterThread: Thread finished: Load Users 1-10
2026-04-17 07:09:08,122 INFO o.a.j.t.JMeterThread: Thread started: Load Users 1-11
2026-04-17 07:09:08,122 INFO o.a.j.t.JMeterThread: Thread is done: Load Users 1-11
2026-04-17 07:09:08,122 INFO o.a.j.t.JMeterThread: Thread finished: Load Users 1-11
2026-04-17 07:09:08,622 INFO o.a.j.t.JMeterThread: Thread started: Load Users 1-12
2026-04-17 07:09:08,622 INFO o.a.j.t.JMeterThread: Thread is done: Load Users 1-12
2026-04-17 07:09:08,622 INFO o.a.j.t.JMeterThread: Thread finished: Load Users 1-12
2026-04-17 07:09:09,122 INFO o.a.j.t.JMeterThread: Thread started: Load Users 1-13
2026-04-17 07:09:09,122 INFO o.a.j.t.JMeterThread: Thread is done: Load Users 1-13
2026-04-17 07:09:09,122 INFO o.a.j.t.JMeterThread: Thread finished: Load Users 1-13
2026-04-17 07:09:09,624 INFO o.a.j.t.JMeterThread: Thread started: Load Users 1-14
2026-04-17 07:09:09,625 INFO o.a.j.t.JMeterThread: Thread is done: Load Users 1-14
2026-04-17 07:09:09,625 INFO o.a.j.t.JMeterThread: Thread finished: Load Users 1-14
2026-04-17 07:09:10,123 INFO o.a.j.t.JMeterThread: Thread started: Load Users 1-15
2026-04-17 07:09:10,124 INFO o.a.j.t.JMeterThread: Thread is done: Load Users 1-15
2026-04-17 07:09:10,124 INFO o.a.j.t.JMeterThread: Thread finished: Load Users 1-15
2026-04-17 07:09:10,623 INFO o.a.j.t.JMeterThread: Thread started: Load Users 1-16
2026-04-17 07:09:10,623 INFO o.a.j.t.JMeterThread: Thread is done: Load Users 1-16
2026-04-17 07:09:10,623 INFO o.a.j.t.JMeterThread: Thread finished: Load Users 1-16
2026-04-17 07:09:11,122 INFO o.a.j.t.JMeterThread: Thread started: Load Users 1-17
2026-04-17 07:09:11,122 INFO o.a.j.t.JMeterThread: Thread is done: Load Users 1-17
2026-04-17 07:09:11,122 INFO o.a.j.t.JMeterThread: Thread finished: Load Users 1-17
2026-04-17 07:09:11,622 INFO o.a.j.t.JMeterThread: Thread started: Load Users 1-18
2026-04-17 07:09:11,622 INFO o.a.j.t.JMeterThread: Thread is done: Load Users 1-18
2026-04-17 07:09:11,622 INFO o.a.j.t.JMeterThread: Thread finished: Load Users 1-18
2026-04-17 07:09:12,122 INFO o.a.j.t.JMeterThread: Thread started: Load Users 1-19
2026-04-17 07:09:12,122 INFO o.a.j.t.JMeterThread: Thread is done: Load Users 1-19
2026-04-17 07:09:12,122 INFO o.a.j.t.JMeterThread: Thread finished: Load Users 1-19
2026-04-17 07:09:12,622 INFO o.a.j.t.JMeterThread: Thread started: Load Users 1-20
2026-04-17 07:09:12,622 INFO o.a.j.t.JMeterThread: Thread is done: Load Users 1-20
2026-04-17 07:09:12,623 INFO o.a.j.t.JMeterThread: Thread finished: Load Users 1-20
2026-04-17 07:09:12,623 INFO o.a.j.e.StandardJMeterEngine: Notifying test listeners of end of test
2026-04-17 07:09:12,623 INFO o.a.j.g.u.JMeterMenuBar: setRunning(false, *local*)
2026-04-17 07:09:21,230 INFO o.a.j.e.DistributedRunner: Configuring remote engine: 127.0.0.1
2026-04-17 07:09:21,386 ERROR o.a.j.e.DistributedRunner: Failed to create engine at 127.0.0.1
java.rmi.ConnectIOException: Exception creating connection to: 127.0.0.1; nested exception is: 
	java.io.FileNotFoundException: rmi_keystore.jks (The system cannot find the file specified)
	at java.rmi/sun.rmi.transport.tcp.TCPEndpoint.newSocket(TCPEndpoint.java:637) ~[?:?]
	at java.rmi/sun.rmi.transport.tcp.TCPChannel.createConnection(TCPChannel.java:217) ~[?:?]
	at java.rmi/sun.rmi.transport.tcp.TCPChannel.newConnection(TCPChannel.java:204) ~[?:?]
	at java.rmi/sun.rmi.server.UnicastRef.newCall(UnicastRef.java:345) ~[?:?]
	at java.rmi/sun.rmi.registry.RegistryImpl_Stub.lookup(RegistryImpl_Stub.java:116) ~[?:?]
	at org.apache.jmeter.engine.ClientJMeterEngine.getEngine(ClientJMeterEngine.java:72) ~[ApacheJMeter_core.jar:5.6.3]
	at org.apache.jmeter.engine.ClientJMeterEngine.<init>(ClientJMeterEngine.java:85) ~[ApacheJMeter_core.jar:5.6.3]
	at org.apache.jmeter.engine.DistributedRunner.createEngine(DistributedRunner.java:255) ~[ApacheJMeter_core.jar:5.6.3]
	at org.apache.jmeter.engine.DistributedRunner.getClientEngine(DistributedRunner.java:232) ~[ApacheJMeter_core.jar:5.6.3]
	at org.apache.jmeter.engine.DistributedRunner.init(DistributedRunner.java:96) ~[ApacheJMeter_core.jar:5.6.3]
	at org.apache.jmeter.gui.action.RemoteStart.doAction(RemoteStart.java:89) ~[ApacheJMeter_core.jar:5.6.3]
	at org.apache.jmeter.gui.action.ActionRouter.performAction(ActionRouter.java:83) ~[ApacheJMeter_core.jar:5.6.3]
	at org.apache.jmeter.gui.action.ActionRouter.lambda$actionPerformed$0(ActionRouter.java:65) ~[ApacheJMeter_core.jar:5.6.3]
	at java.desktop/java.awt.event.InvocationEvent.dispatch(InvocationEvent.java:318) ~[?:?]
	at java.desktop/java.awt.EventQueue.dispatchEventImpl(EventQueue.java:773) ~[?:?]
	at java.desktop/java.awt.EventQueue$4.run(EventQueue.java:720) ~[?:?]
	at java.desktop/java.awt.EventQueue$4.run(EventQueue.java:714) ~[?:?]
	at java.base/java.security.AccessController.doPrivileged(AccessController.java:400) [?:?]
	at java.base/java.security.ProtectionDomain$JavaSecurityAccessImpl.doIntersectionPrivilege(ProtectionDomain.java:87) [?:?]
	at java.desktop/java.awt.EventQueue.dispatchEvent(EventQueue.java:742) [?:?]
	at java.desktop/java.awt.EventDispatchThread.pumpOneEventForFilters(EventDispatchThread.java:203) [?:?]
	at java.desktop/java.awt.EventDispatchThread.pumpEventsForFilter(EventDispatchThread.java:124) [?:?]
	at java.desktop/java.awt.EventDispatchThread.pumpEventsForHierarchy(EventDispatchThread.java:113) [?:?]
	at java.desktop/java.awt.EventDispatchThread.pumpEvents(EventDispatchThread.java:109) [?:?]
	at java.desktop/java.awt.EventDispatchThread.pumpEvents(EventDispatchThread.java:101) [?:?]
	at java.desktop/java.awt.EventDispatchThread.run(EventDispatchThread.java:90) [?:?]
Caused by: java.io.FileNotFoundException: rmi_keystore.jks (The system cannot find the file specified)
	at java.base/java.io.FileInputStream.open0(Native Method) ~[?:?]
	at java.base/java.io.FileInputStream.open(FileInputStream.java:213) ~[?:?]
	at java.base/java.io.FileInputStream.<init>(FileInputStream.java:152) ~[?:?]
	at java.base/java.io.FileInputStream.<init>(FileInputStream.java:106) ~[?:?]
	at org.apache.jmeter.rmi.SSLRMIClientSocketFactory.loadStore(SSLRMIClientSocketFactory.java:124) ~[ApacheJMeter_core.jar:5.6.3]
	at org.apache.jmeter.rmi.SSLRMIClientSocketFactory.createSocket(SSLRMIClientSocketFactory.java:82) ~[ApacheJMeter_core.jar:5.6.3]
	at java.rmi/sun.rmi.transport.tcp.TCPEndpoint.newSocket(TCPEndpoint.java:619) ~[?:?]
	... 25 more
2026-04-17 07:09:21,391 ERROR o.a.j.u.JMeterUtils: Exception creating connection to: 127.0.0.1; nested exception is: 
	java.io.FileNotFoundException: rmi_keystore.jks (The system cannot find the file specified)
2026-04-17 07:09:21,391 INFO o.a.j.e.DistributedRunner: Failed to configure 127.0.0.1
2026-04-17 07:09:21,391 INFO o.a.j.e.DistributedRunner: Stopping remote engines
2026-04-17 07:09:21,391 INFO o.a.j.e.DistributedRunner: Remote engines have been stopped
2026-04-17 07:09:21,391 ERROR o.a.j.g.a.ActionRouter: Error processing org.apache.jmeter.gui.action.RemoteStart@5cb3d2f7
java.lang.RuntimeException: Following remote engines could not be configured:[127.0.0.1]
	at org.apache.jmeter.engine.DistributedRunner.init(DistributedRunner.java:115) ~[ApacheJMeter_core.jar:5.6.3]
	at org.apache.jmeter.gui.action.RemoteStart.doAction(RemoteStart.java:89) ~[ApacheJMeter_core.jar:5.6.3]
	at org.apache.jmeter.gui.action.ActionRouter.performAction(ActionRouter.java:83) ~[ApacheJMeter_core.jar:5.6.3]
	at org.apache.jmeter.gui.action.ActionRouter.lambda$actionPerformed$0(ActionRouter.java:65) ~[ApacheJMeter_core.jar:5.6.3]
	at java.desktop/java.awt.event.InvocationEvent.dispatch(InvocationEvent.java:318) ~[?:?]
	at java.desktop/java.awt.EventQueue.dispatchEventImpl(EventQueue.java:773) ~[?:?]
	at java.desktop/java.awt.EventQueue$4.run(EventQueue.java:720) ~[?:?]
	at java.desktop/java.awt.EventQueue$4.run(EventQueue.java:714) ~[?:?]
	at java.base/java.security.AccessController.doPrivileged(AccessController.java:400) [?:?]
	at java.base/java.security.ProtectionDomain$JavaSecurityAccessImpl.doIntersectionPrivilege(ProtectionDomain.java:87) [?:?]
	at java.desktop/java.awt.EventQueue.dispatchEvent(EventQueue.java:742) [?:?]
	at java.desktop/java.awt.EventDispatchThread.pumpOneEventForFilters(EventDispatchThread.java:203) [?:?]
	at java.desktop/java.awt.EventDispatchThread.pumpEventsForFilter(EventDispatchThread.java:124) [?:?]
	at java.desktop/java.awt.EventDispatchThread.pumpEventsForHierarchy(EventDispatchThread.java:113) [?:?]
	at java.desktop/java.awt.EventDispatchThread.pumpEvents(EventDispatchThread.java:109) [?:?]
	at java.desktop/java.awt.EventDispatchThread.pumpEvents(EventDispatchThread.java:101) [?:?]
	at java.desktop/java.awt.EventDispatchThread.run(EventDispatchThread.java:90) [?:?]
2026-04-17 07:10:21,226 INFO o.a.j.g.a.Load: Loading file: C:\Users\amirdi\OneDrive - Metropolia Ammattikorkeakoulu Oy\Documents\Spring2025\Sep1\SEP2\Week6_Testing\AverageSpeed\avg_speed_test.jmx
2026-04-17 07:10:21,226 INFO o.a.j.s.FileServer: Set new base='C:\Users\amirdi\OneDrive - Metropolia Ammattikorkeakoulu Oy\Documents\Spring2025\Sep1\SEP2\Week6_Testing\AverageSpeed'
2026-04-17 07:10:21,226 INFO o.a.j.s.SaveService: Loading file: C:\Users\amirdi\OneDrive - Metropolia Ammattikorkeakoulu Oy\Documents\Spring2025\Sep1\SEP2\Week6_Testing\AverageSpeed\avg_speed_test.jmx
2026-04-17 07:10:21,226 WARN o.a.j.g.a.Load: Error reading file. java.io.FileNotFoundException: C:\Users\amirdi\OneDrive - Metropolia Ammattikorkeakoulu Oy\Documents\Spring2025\Sep1\SEP2\Week6_Testing\AverageSpeed\avg_speed_test.jmx (The system cannot find the file specified)
2026-04-17 07:10:21,226 ERROR o.a.j.u.JMeterUtils: C:\Users\amirdi\OneDrive - Metropolia Ammattikorkeakoulu Oy\Documents\Spring2025\Sep1\SEP2\Week6_Testing\AverageSpeed\avg_speed_test.jmx (The system cannot find the file specified)
2026-04-17 07:11:02,105 INFO o.a.j.g.a.Load: Loading file: C:\Users\amirdi\OneDrive - Metropolia Ammattikorkeakoulu Oy\Documents\Spring2025\Sep1\SEP2\Week6_Testing\AverageSpeed\jmeter\avg_speed_test.jmx
2026-04-17 07:11:02,105 INFO o.a.j.s.FileServer: Set new base='C:\Users\amirdi\OneDrive - Metropolia Ammattikorkeakoulu Oy\Documents\Spring2025\Sep1\SEP2\Week6_Testing\AverageSpeed\jmeter'
2026-04-17 07:11:02,105 INFO o.a.j.s.SaveService: Loading file: C:\Users\amirdi\OneDrive - Metropolia Ammattikorkeakoulu Oy\Documents\Spring2025\Sep1\SEP2\Week6_Testing\AverageSpeed\jmeter\avg_speed_test.jmx
2026-04-17 07:11:02,111 INFO o.a.j.s.FileServer: Set new base='C:\Users\amirdi\OneDrive - Metropolia Ammattikorkeakoulu Oy\Documents\Spring2025\Sep1\SEP2\Week6_Testing\AverageSpeed\jmeter'
2026-04-17 07:12:47,361 INFO o.a.j.p.h.s.HTTPSamplerBase: Parser for text/html is org.apache.jmeter.protocol.http.parser.LagartoBasedHtmlParser
2026-04-17 07:12:47,361 INFO o.a.j.p.h.s.HTTPSamplerBase: Parser for application/xhtml+xml is org.apache.jmeter.protocol.http.parser.LagartoBasedHtmlParser
2026-04-17 07:12:47,361 INFO o.a.j.p.h.s.HTTPSamplerBase: Parser for application/xml is org.apache.jmeter.protocol.http.parser.LagartoBasedHtmlParser
2026-04-17 07:12:47,361 INFO o.a.j.p.h.s.HTTPSamplerBase: Parser for text/xml is org.apache.jmeter.protocol.http.parser.LagartoBasedHtmlParser
2026-04-17 07:12:47,361 INFO o.a.j.p.h.s.HTTPSamplerBase: Parser for text/vnd.wap.wml is org.apache.jmeter.protocol.http.parser.RegexpHTMLParser
2026-04-17 07:12:47,361 INFO o.a.j.p.h.s.HTTPSamplerBase: Parser for text/css is org.apache.jmeter.protocol.http.parser.CssParser
2026-04-17 07:15:33,304 INFO o.a.j.s.SampleResult: Note: Sample TimeStamps are START times
2026-04-17 07:15:33,304 INFO o.a.j.s.SampleResult: sampleresult.default.encoding is set to UTF-8
2026-04-17 07:15:33,304 INFO o.a.j.s.SampleResult: sampleresult.useNanoTime=true
2026-04-17 07:15:33,304 INFO o.a.j.s.SampleResult: sampleresult.nanoThreadSleep=5000
2026-04-17 07:15:52,633 INFO o.a.j.e.StandardJMeterEngine: Running the test!
2026-04-17 07:15:52,633 INFO o.a.j.s.SampleEvent: List of sample_variables: []
2026-04-17 07:15:52,634 INFO o.a.j.g.u.JMeterMenuBar: setRunning(true, *local*)
2026-04-17 07:15:52,657 INFO o.a.j.e.StandardJMeterEngine: Starting ThreadGroup: 1 : Load Users
2026-04-17 07:15:52,658 INFO o.a.j.e.StandardJMeterEngine: Starting 10 threads for group Load Users.
2026-04-17 07:15:52,658 INFO o.a.j.e.StandardJMeterEngine: Thread will continue on error
2026-04-17 07:15:52,658 INFO o.a.j.t.ThreadGroup: Starting thread group... number=1 threads=10 ramp-up=5 delayedStart=false
2026-04-17 07:15:52,659 INFO o.a.j.t.JMeterThread: Thread started: Load Users 1-1
2026-04-17 07:15:52,660 INFO o.a.j.t.ThreadGroup: Started thread group number 1
2026-04-17 07:15:52,660 INFO o.a.j.e.StandardJMeterEngine: All thread groups have been started
2026-04-17 07:15:52,673 INFO o.a.j.p.h.s.HTTPHCAbstractImpl: Local host = KM-AMIRDI-840
2026-04-17 07:15:52,680 INFO o.a.j.p.h.s.HTTPHC4Impl: HTTP request retry count = 0
2026-04-17 07:15:53,164 INFO o.a.j.t.JMeterThread: Thread is done: Load Users 1-1
2026-04-17 07:15:53,165 INFO o.a.j.t.JMeterThread: Thread finished: Load Users 1-1
2026-04-17 07:15:53,168 INFO o.a.j.t.JMeterThread: Thread started: Load Users 1-2
2026-04-17 07:15:53,377 INFO o.a.j.t.JMeterThread: Thread is done: Load Users 1-2
2026-04-17 07:15:53,377 INFO o.a.j.t.JMeterThread: Thread finished: Load Users 1-2
2026-04-17 07:15:53,660 INFO o.a.j.t.JMeterThread: Thread started: Load Users 1-3
2026-04-17 07:15:53,854 INFO o.a.j.t.JMeterThread: Thread is done: Load Users 1-3
2026-04-17 07:15:53,855 INFO o.a.j.t.JMeterThread: Thread finished: Load Users 1-3
2026-04-17 07:15:54,159 INFO o.a.j.t.JMeterThread: Thread started: Load Users 1-4
2026-04-17 07:15:54,353 INFO o.a.j.t.JMeterThread: Thread is done: Load Users 1-4
2026-04-17 07:15:54,354 INFO o.a.j.t.JMeterThread: Thread finished: Load Users 1-4
2026-04-17 07:15:54,658 INFO o.a.j.t.JMeterThread: Thread started: Load Users 1-5
2026-04-17 07:15:54,848 INFO o.a.j.t.JMeterThread: Thread is done: Load Users 1-5
2026-04-17 07:15:54,848 INFO o.a.j.t.JMeterThread: Thread finished: Load Users 1-5
2026-04-17 07:15:55,160 INFO o.a.j.t.JMeterThread: Thread started: Load Users 1-6
2026-04-17 07:15:55,351 INFO o.a.j.t.JMeterThread: Thread is done: Load Users 1-6
2026-04-17 07:15:55,351 INFO o.a.j.t.JMeterThread: Thread finished: Load Users 1-6
2026-04-17 07:15:55,659 INFO o.a.j.t.JMeterThread: Thread started: Load Users 1-7
2026-04-17 07:15:55,849 INFO o.a.j.t.JMeterThread: Thread is done: Load Users 1-7
2026-04-17 07:15:55,849 INFO o.a.j.t.JMeterThread: Thread finished: Load Users 1-7
2026-04-17 07:15:56,159 INFO o.a.j.t.JMeterThread: Thread started: Load Users 1-8
2026-04-17 07:15:56,352 INFO o.a.j.t.JMeterThread: Thread is done: Load Users 1-8
2026-04-17 07:15:56,353 INFO o.a.j.t.JMeterThread: Thread finished: Load Users 1-8
2026-04-17 07:15:56,658 INFO o.a.j.t.JMeterThread: Thread started: Load Users 1-9
2026-04-17 07:15:56,855 INFO o.a.j.t.JMeterThread: Thread is done: Load Users 1-9
2026-04-17 07:15:56,855 INFO o.a.j.t.JMeterThread: Thread finished: Load Users 1-9
2026-04-17 07:15:57,159 INFO o.a.j.t.JMeterThread: Thread started: Load Users 1-10
2026-04-17 07:15:57,350 INFO o.a.j.t.JMeterThread: Thread is done: Load Users 1-10
2026-04-17 07:15:57,350 INFO o.a.j.t.JMeterThread: Thread finished: Load Users 1-10
2026-04-17 07:15:57,350 INFO o.a.j.e.StandardJMeterEngine: Notifying test listeners of end of test
2026-04-17 07:15:57,351 INFO o.a.j.g.u.JMeterMenuBar: setRunning(false, *local*)
2026-04-17 07:19:32,129 INFO o.a.j.e.StandardJMeterEngine: Running the test!
2026-04-17 07:19:32,129 INFO o.a.j.s.SampleEvent: List of sample_variables: []
2026-04-17 07:19:32,130 INFO o.a.j.g.u.JMeterMenuBar: setRunning(true, *local*)
2026-04-17 07:19:32,151 INFO o.a.j.e.StandardJMeterEngine: Starting ThreadGroup: 1 : Load Users
2026-04-17 07:19:32,152 INFO o.a.j.e.StandardJMeterEngine: Starting 10 threads for group Load Users.
2026-04-17 07:19:32,152 INFO o.a.j.e.StandardJMeterEngine: Thread will continue on error
2026-04-17 07:19:32,152 INFO o.a.j.t.ThreadGroup: Starting thread group... number=1 threads=10 ramp-up=5 delayedStart=false
2026-04-17 07:19:32,153 INFO o.a.j.t.JMeterThread: Thread started: Load Users 1-1
2026-04-17 07:19:32,153 INFO o.a.j.t.ThreadGroup: Started thread group number 1
2026-04-17 07:19:32,153 INFO o.a.j.e.StandardJMeterEngine: All thread groups have been started
2026-04-17 07:19:32,346 INFO o.a.j.t.JMeterThread: Thread is done: Load Users 1-1
2026-04-17 07:19:32,347 INFO o.a.j.t.JMeterThread: Thread finished: Load Users 1-1
2026-04-17 07:19:32,666 INFO o.a.j.t.JMeterThread: Thread started: Load Users 1-2
2026-04-17 07:19:32,892 INFO o.a.j.t.JMeterThread: Thread is done: Load Users 1-2
2026-04-17 07:19:32,893 INFO o.a.j.t.JMeterThread: Thread finished: Load Users 1-2
2026-04-17 07:19:33,168 INFO o.a.j.t.JMeterThread: Thread started: Load Users 1-3
2026-04-17 07:19:33,358 INFO o.a.j.t.JMeterThread: Thread is done: Load Users 1-3
2026-04-17 07:19:33,359 INFO o.a.j.t.JMeterThread: Thread finished: Load Users 1-3
2026-04-17 07:19:33,654 INFO o.a.j.t.JMeterThread: Thread started: Load Users 1-4
2026-04-17 07:19:33,848 INFO o.a.j.t.JMeterThread: Thread is done: Load Users 1-4
2026-04-17 07:19:33,848 INFO o.a.j.t.JMeterThread: Thread finished: Load Users 1-4
2026-04-17 07:19:34,153 INFO o.a.j.t.JMeterThread: Thread started: Load Users 1-5
2026-04-17 07:19:34,342 INFO o.a.j.t.JMeterThread: Thread is done: Load Users 1-5
2026-04-17 07:19:34,342 INFO o.a.j.t.JMeterThread: Thread finished: Load Users 1-5
2026-04-17 07:19:34,653 INFO o.a.j.t.JMeterThread: Thread started: Load Users 1-6
2026-04-17 07:19:34,840 INFO o.a.j.t.JMeterThread: Thread is done: Load Users 1-6
2026-04-17 07:19:34,840 INFO o.a.j.t.JMeterThread: Thread finished: Load Users 1-6
2026-04-17 07:19:35,152 INFO o.a.j.t.JMeterThread: Thread started: Load Users 1-7
2026-04-17 07:19:35,382 INFO o.a.j.t.JMeterThread: Thread is done: Load Users 1-7
2026-04-17 07:19:35,382 INFO o.a.j.t.JMeterThread: Thread finished: Load Users 1-7
2026-04-17 07:19:35,653 INFO o.a.j.t.JMeterThread: Thread started: Load Users 1-8
2026-04-17 07:19:35,856 INFO o.a.j.t.JMeterThread: Thread is done: Load Users 1-8
2026-04-17 07:19:35,856 INFO o.a.j.t.JMeterThread: Thread finished: Load Users 1-8
2026-04-17 07:19:36,152 INFO o.a.j.t.JMeterThread: Thread started: Load Users 1-9
2026-04-17 07:19:36,378 INFO o.a.j.t.JMeterThread: Thread is done: Load Users 1-9
2026-04-17 07:19:36,378 INFO o.a.j.t.JMeterThread: Thread finished: Load Users 1-9
2026-04-17 07:19:36,652 INFO o.a.j.t.JMeterThread: Thread started: Load Users 1-10
2026-04-17 07:19:36,843 INFO o.a.j.t.JMeterThread: Thread is done: Load Users 1-10
2026-04-17 07:19:36,843 INFO o.a.j.t.JMeterThread: Thread finished: Load Users 1-10
2026-04-17 07:19:36,843 INFO o.a.j.e.StandardJMeterEngine: Notifying test listeners of end of test
2026-04-17 07:19:36,843 INFO o.a.j.g.u.JMeterMenuBar: setRunning(false, *local*)
2026-04-17 07:36:28,795 INFO o.a.j.e.StandardJMeterEngine: Running the test!
2026-04-17 07:36:28,800 INFO o.a.j.s.SampleEvent: List of sample_variables: []
2026-04-17 07:36:28,802 INFO o.a.j.g.u.JMeterMenuBar: setRunning(true, *local*)
2026-04-17 07:36:28,901 INFO o.a.j.e.StandardJMeterEngine: Starting ThreadGroup: 1 : Load Users
2026-04-17 07:36:28,901 INFO o.a.j.e.StandardJMeterEngine: Starting 10 threads for group Load Users.
2026-04-17 07:36:28,901 INFO o.a.j.e.StandardJMeterEngine: Thread will continue on error
2026-04-17 07:36:28,902 INFO o.a.j.t.ThreadGroup: Starting thread group... number=1 threads=10 ramp-up=5 delayedStart=false
2026-04-17 07:36:28,903 INFO o.a.j.t.JMeterThread: Thread started: Load Users 1-1
2026-04-17 07:36:28,903 INFO o.a.j.t.ThreadGroup: Started thread group number 1
2026-04-17 07:36:28,903 INFO o.a.j.e.StandardJMeterEngine: All thread groups have been started
2026-04-17 07:36:29,183 INFO o.a.j.t.JMeterThread: Thread is done: Load Users 1-1
2026-04-17 07:36:29,183 INFO o.a.j.t.JMeterThread: Thread finished: Load Users 1-1
2026-04-17 07:36:29,413 INFO o.a.j.t.JMeterThread: Thread started: Load Users 1-2
2026-04-17 07:36:29,608 INFO o.a.j.t.JMeterThread: Thread is done: Load Users 1-2
2026-04-17 07:36:29,609 INFO o.a.j.t.JMeterThread: Thread finished: Load Users 1-2
2026-04-17 07:36:29,916 INFO o.a.j.t.JMeterThread: Thread started: Load Users 1-3
2026-04-17 07:36:30,114 INFO o.a.j.t.JMeterThread: Thread is done: Load Users 1-3
2026-04-17 07:36:30,115 INFO o.a.j.t.JMeterThread: Thread finished: Load Users 1-3
2026-04-17 07:36:30,404 INFO o.a.j.t.JMeterThread: Thread started: Load Users 1-4
2026-04-17 07:36:30,592 INFO o.a.j.t.JMeterThread: Thread is done: Load Users 1-4
2026-04-17 07:36:30,593 INFO o.a.j.t.JMeterThread: Thread finished: Load Users 1-4
2026-04-17 07:36:30,903 INFO o.a.j.t.JMeterThread: Thread started: Load Users 1-5
2026-04-17 07:36:31,108 INFO o.a.j.t.JMeterThread: Thread is done: Load Users 1-5
2026-04-17 07:36:31,108 INFO o.a.j.t.JMeterThread: Thread finished: Load Users 1-5
2026-04-17 07:36:31,402 INFO o.a.j.t.JMeterThread: Thread started: Load Users 1-6
2026-04-17 07:36:31,608 INFO o.a.j.t.JMeterThread: Thread is done: Load Users 1-6
2026-04-17 07:36:31,608 INFO o.a.j.t.JMeterThread: Thread finished: Load Users 1-6
2026-04-17 07:36:31,903 INFO o.a.j.t.JMeterThread: Thread started: Load Users 1-7
2026-04-17 07:36:32,107 INFO o.a.j.t.JMeterThread: Thread is done: Load Users 1-7
2026-04-17 07:36:32,107 INFO o.a.j.t.JMeterThread: Thread finished: Load Users 1-7
2026-04-17 07:36:32,403 INFO o.a.j.t.JMeterThread: Thread started: Load Users 1-8
2026-04-17 07:36:32,593 INFO o.a.j.t.JMeterThread: Thread is done: Load Users 1-8
2026-04-17 07:36:32,593 INFO o.a.j.t.JMeterThread: Thread finished: Load Users 1-8
2026-04-17 07:36:32,903 INFO o.a.j.t.JMeterThread: Thread started: Load Users 1-9
2026-04-17 07:36:33,103 INFO o.a.j.t.JMeterThread: Thread is done: Load Users 1-9
2026-04-17 07:36:33,103 INFO o.a.j.t.JMeterThread: Thread finished: Load Users 1-9
2026-04-17 07:36:33,413 INFO o.a.j.t.JMeterThread: Thread started: Load Users 1-10
2026-04-17 07:36:33,605 INFO o.a.j.t.JMeterThread: Thread is done: Load Users 1-10
2026-04-17 07:36:33,605 INFO o.a.j.t.JMeterThread: Thread finished: Load Users 1-10
2026-04-17 07:36:33,606 INFO o.a.j.e.StandardJMeterEngine: Notifying test listeners of end of test
2026-04-17 07:36:33,606 INFO o.a.j.g.u.JMeterMenuBar: setRunning(false, *local*)
2026-04-17 07:37:41,498 INFO o.a.j.e.StandardJMeterEngine: Running the test!
2026-04-17 07:37:41,498 INFO o.a.j.s.SampleEvent: List of sample_variables: []
2026-04-17 07:37:41,498 INFO o.a.j.g.u.JMeterMenuBar: setRunning(true, *local*)
2026-04-17 07:37:41,595 INFO o.a.j.e.StandardJMeterEngine: Starting ThreadGroup: 1 : Load Users
2026-04-17 07:37:41,595 INFO o.a.j.e.StandardJMeterEngine: Starting 10 threads for group Load Users.
2026-04-17 07:37:41,595 INFO o.a.j.e.StandardJMeterEngine: Thread will continue on error
2026-04-17 07:37:41,596 INFO o.a.j.t.ThreadGroup: Starting thread group... number=1 threads=10 ramp-up=5 delayedStart=false
2026-04-17 07:37:41,597 INFO o.a.j.t.JMeterThread: Thread started: Load Users 1-1
2026-04-17 07:37:41,597 INFO o.a.j.t.ThreadGroup: Started thread group number 1
2026-04-17 07:37:41,597 INFO o.a.j.e.StandardJMeterEngine: All thread groups have been started
2026-04-17 07:37:41,791 INFO o.a.j.t.JMeterThread: Thread is done: Load Users 1-1
2026-04-17 07:37:41,791 INFO o.a.j.t.JMeterThread: Thread finished: Load Users 1-1
2026-04-17 07:37:42,101 INFO o.a.j.t.JMeterThread: Thread started: Load Users 1-2
2026-04-17 07:37:42,302 INFO o.a.j.t.JMeterThread: Thread is done: Load Users 1-2
2026-04-17 07:37:42,302 INFO o.a.j.t.JMeterThread: Thread finished: Load Users 1-2
2026-04-17 07:37:42,599 INFO o.a.j.t.JMeterThread: Thread started: Load Users 1-3
2026-04-17 07:37:42,828 INFO o.a.j.t.JMeterThread: Thread is done: Load Users 1-3
2026-04-17 07:37:42,828 INFO o.a.j.t.JMeterThread: Thread finished: Load Users 1-3
2026-04-17 07:37:43,097 INFO o.a.j.t.JMeterThread: Thread started: Load Users 1-4
2026-04-17 07:37:43,287 INFO o.a.j.t.JMeterThread: Thread is done: Load Users 1-4
2026-04-17 07:37:43,287 INFO o.a.j.t.JMeterThread: Thread finished: Load Users 1-4
2026-04-17 07:37:43,597 INFO o.a.j.t.JMeterThread: Thread started: Load Users 1-5
2026-04-17 07:37:43,791 INFO o.a.j.t.JMeterThread: Thread is done: Load Users 1-5
2026-04-17 07:37:43,791 INFO o.a.j.t.JMeterThread: Thread finished: Load Users 1-5
2026-04-17 07:37:44,098 INFO o.a.j.t.JMeterThread: Thread started: Load Users 1-6
2026-04-17 07:37:44,302 INFO o.a.j.t.JMeterThread: Thread is done: Load Users 1-6
2026-04-17 07:37:44,302 INFO o.a.j.t.JMeterThread: Thread finished: Load Users 1-6
2026-04-17 07:37:44,598 INFO o.a.j.t.JMeterThread: Thread started: Load Users 1-7
2026-04-17 07:37:44,794 INFO o.a.j.t.JMeterThread: Thread is done: Load Users 1-7
2026-04-17 07:37:44,794 INFO o.a.j.t.JMeterThread: Thread finished: Load Users 1-7
2026-04-17 07:37:45,096 INFO o.a.j.t.JMeterThread: Thread started: Load Users 1-8
2026-04-17 07:37:45,281 INFO o.a.j.t.JMeterThread: Thread is done: Load Users 1-8
2026-04-17 07:37:45,281 INFO o.a.j.t.JMeterThread: Thread finished: Load Users 1-8
2026-04-17 07:37:45,597 INFO o.a.j.t.JMeterThread: Thread started: Load Users 1-9
2026-04-17 07:37:45,802 INFO o.a.j.t.JMeterThread: Thread is done: Load Users 1-9
2026-04-17 07:37:45,802 INFO o.a.j.t.JMeterThread: Thread finished: Load Users 1-9
2026-04-17 07:37:46,097 INFO o.a.j.t.JMeterThread: Thread started: Load Users 1-10
2026-04-17 07:37:46,290 INFO o.a.j.t.JMeterThread: Thread is done: Load Users 1-10
2026-04-17 07:37:46,290 INFO o.a.j.t.JMeterThread: Thread finished: Load Users 1-10
2026-04-17 07:37:46,290 INFO o.a.j.e.StandardJMeterEngine: Notifying test listeners of end of test
2026-04-17 07:37:46,291 INFO o.a.j.g.u.JMeterMenuBar: setRunning(false, *local*)
